<?xml version="1.0" encoding="UTF-8"?>
<!-- Generated by org.testng.reporters.JUnitReportReporter -->
<testsuite hostname="DESKTOP-G1F3SKE" failures="0" tests="1" name="com.test.LoginTest" time="0.566" errors="0" timestamp="2022-06-12T08:26:24 GMT-04:00" skipped="0">
  <testcase classname="com.test.LoginTest" name="SignUpTest" time="0.566"/>
  <system-out/>
</testsuite> <!-- com.test.LoginTest -->
